Build started 10/13/2014 11:18:30 AM.
     1>Project "C:\Users\156\Documents\GitHub\Predictor\ConsoleApplication1\ConsoleApplication1.vcxproj" on node 2 (Build target(s)).
     1>ClCompile:
         C:\Program Files (x86)\Microsoft Visual Studio 11.0\VC\bin\CL.exe /c /Zi /nologo /W3 /WX- /O2 /Oi /Oy- /GL /D WIN32 /D NDEBUG /D _CONSOLE /D _UNICODE /D UNICODE /Gm- /EHsc /MD /GS /Gy /fp:precise /Zc:wchar_t /Zc:forScope /Fo"Release\\" /Fd"Release\vc110.pdb" /Gd /TC /analyze- /errorReport:prompt main.c
         main.c
     1>c:\users\156\documents\github\predictor\consoleapplication1\lib1.h(36): warning C4020: 'bit1w' : too many actual parameters
     1>c:\users\156\documents\github\predictor\consoleapplication1\lib1.h(37): warning C4020: 'bit1w' : too many actual parameters
     1>c:\users\156\documents\github\predictor\consoleapplication1\lib1.h(38): warning C4020: 'bit1w' : too many actual parameters
     1>c:\users\156\documents\github\predictor\consoleapplication1\lib1.h(39): warning C4020: 'bit1w' : too many actual parameters
     1>c:\users\156\documents\github\predictor\consoleapplication1\lib1.h(43): warning C4029: declared formal parameter list different from definition
     1>c:\users\156\documents\github\predictor\consoleapplication1\lib1.h(55): warning C4020: 'bit2w' : too many actual parameters
     1>c:\users\156\documents\github\predictor\consoleapplication1\lib1.h(56): warning C4020: 'bit2w' : too many actual parameters
     1>c:\users\156\documents\github\predictor\consoleapplication1\lib1.h(57): warning C4020: 'bit2w' : too many actual parameters
     1>c:\users\156\documents\github\predictor\consoleapplication1\lib1.h(58): warning C4020: 'bit2w' : too many actual parameters
     1>c:\users\156\documents\github\predictor\consoleapplication1\lib1.h(59): warning C4020: 'bit2w' : too many actual parameters
     1>c:\users\156\documents\github\predictor\consoleapplication1\lib1.h(60): warning C4020: 'bit2w' : too many actual parameters
     1>c:\users\156\documents\github\predictor\consoleapplication1\lib1.h(61): warning C4020: 'bit2w' : too many actual parameters
     1>c:\users\156\documents\github\predictor\consoleapplication1\lib1.h(62): warning C4020: 'bit2w' : too many actual parameters
     1>c:\users\156\documents\github\predictor\consoleapplication1\lib1.h(66): warning C4029: declared formal parameter list different from definition
     1>main.c(32): warning C4996: 'fopen': This function or variable may be unsafe. Consider using fopen_s instead. To disable deprecation, use _CRT_SECURE_NO_WARNINGS. See online help for details.
                 C:\Program Files (x86)\Microsoft Visual Studio 11.0\VC\include\stdio.h(218) : see declaration of 'fopen'
     1>main.c(34): warning C4996: 'fopen': This function or variable may be unsafe. Consider using fopen_s instead. To disable deprecation, use _CRT_SECURE_NO_WARNINGS. See online help for details.
                 C:\Program Files (x86)\Microsoft Visual Studio 11.0\VC\include\stdio.h(218) : see declaration of 'fopen'
     1>main.c(35): warning C4996: 'fopen': This function or variable may be unsafe. Consider using fopen_s instead. To disable deprecation, use _CRT_SECURE_NO_WARNINGS. See online help for details.
                 C:\Program Files (x86)\Microsoft Visual Studio 11.0\VC\include\stdio.h(218) : see declaration of 'fopen'
       Link:
         C:\Program Files (x86)\Microsoft Visual Studio 11.0\VC\bin\link.exe /ERRORREPORT:PROMPT /OUT:"C:\Users\156\Documents\GitHub\Predictor\Release\ConsoleApplication1.exe" /INCREMENTAL:NO /NOLOGO kernel32.lib user32.lib gdi32.lib winspool.lib comdlg32.lib advapi32.lib shell32.lib ole32.lib oleaut32.lib uuid.lib odbc32.lib odbccp32.lib /MANIFEST /MANIFESTUAC:"level='asInvoker' uiAccess='false'" /manifest:embed /DEBUG /PDB:"C:\Users\156\Documents\GitHub\Predictor\Release\ConsoleApplication1.pdb" /SUBSYSTEM:CONSOLE /OPT:REF /OPT:ICF /LTCG /TLBID:1 /DYNAMICBASE /NXCOMPAT /IMPLIB:"C:\Users\156\Documents\GitHub\Predictor\Release\ConsoleApplication1.lib" /MACHINE:X86 /SAFESEH Release\main.obj
         Generating code
         Finished generating code
         ConsoleApplication1.vcxproj -> C:\Users\156\Documents\GitHub\Predictor\Release\ConsoleApplication1.exe
     1>Done Building Project "C:\Users\156\Documents\GitHub\Predictor\ConsoleApplication1\ConsoleApplication1.vcxproj" (Build target(s)).

Build succeeded.

Time Elapsed 00:00:01.09
